<?xml version="1.0" encoding="UTF-8"?>
<testsuite name="de.chennemann.utils.extensions.BooleanExtensionsTest" tests="6" skipped="0" failures="0" errors="0" timestamp="2018-07-08T05:14:17" hostname="DESKTOP-DFDJU6U" time="0.026">
  <properties/>
  <testcase name="ifTrue_false()" classname="de.chennemann.utils.extensions.BooleanExtensionsTest" time="0.013"/>
  <testcase name="ifTrue_null()" classname="de.chennemann.utils.extensions.BooleanExtensionsTest" time="0.001"/>
  <testcase name="ifTrue_true()" classname="de.chennemann.utils.extensions.BooleanExtensionsTest" time="0.002"/>
  <testcase name="runIfTrue_false()" classname="de.chennemann.utils.extensions.BooleanExtensionsTest" time="0.002"/>
  <testcase name="runIfTrue_null()" classname="de.chennemann.utils.extensions.BooleanExtensionsTest" time="0.002"/>
  <testcase name="runIfTrue_true()" classname="de.chennemann.utils.extensions.BooleanExtensionsTest" time="0.001"/>
  <system-out><![CDATA[]]></system-out>
  <system-err><![CDATA[]]></system-err>
</testsuite>
